[I 2025-05-07 11:58:49.532 ServerApp] jupyter_lsp | extension was successfully linked.
[I 2025-05-07 11:58:49.535 ServerApp] jupyter_server_terminals | extension was successfully linked.
[I 2025-05-07 11:58:49.541 ServerApp] jupyterlab | extension was successfully linked.
[I 2025-05-07 11:58:49.541 ServerApp] jupyterlab_myst | extension was successfully linked.
[I 2025-05-07 11:58:49.542 ServerApp] Writing Jupyter server cookie secret to /home/morpheus/.local/share/jupyter/runtime/jupyter_cookie_secret
[I 2025-05-07 11:58:49.703 ServerApp] notebook_shim | extension was successfully linked.
/usr/local/lib/python3.13/dist-packages/traitlets/traitlets.py:1897: FutureWarning: ServerApp.preferred_dir config is deprecated in jupyter-server 2.0. Use FileContentsManager.preferred_dir instead
  return t.cast(Sentinel, self._get_trait_default_generator(names[0])(self))
[I 2025-05-07 11:58:49.714 ServerApp] notebook_shim | extension was successfully loaded.
[I 2025-05-07 11:58:49.716 ServerApp] jupyter_lsp | extension was successfully loaded.
[I 2025-05-07 11:58:49.716 ServerApp] jupyter_server_terminals | extension was successfully loaded.
[I 2025-05-07 11:58:49.718 LabApp] JupyterLab extension loaded from /usr/local/lib/python3.13/dist-packages/jupyterlab
[I 2025-05-07 11:58:49.718 LabApp] JupyterLab application directory is /usr/local/share/jupyter/lab
[I 2025-05-07 11:58:49.718 LabApp] Extension Manager is 'pypi'.
[I 2025-05-07 11:58:49.740 ServerApp] jupyterlab | extension was successfully loaded.
[I 2025-05-07 11:58:49.750 ServerApp] jupyterlab_myst | extension was successfully loaded.
[I 2025-05-07 11:58:49.751 ServerApp] Serving notebooks from local directory: /home/morpheus
[I 2025-05-07 11:58:49.751 ServerApp] Jupyter Server 2.15.0 is running at:
[I 2025-05-07 11:58:49.751 ServerApp] http://25c495e7ea40:8888/lab?token=5c9a633c06650dacf72c2cebe5aab3356392799f87377112
[I 2025-05-07 11:58:49.751 ServerApp]     http://127.0.0.1:8888/lab?token=5c9a633c06650dacf72c2cebe5aab3356392799f87377112
[I 2025-05-07 11:58:49.751 ServerApp] Use Control-C to stop this server and shut down all kernels (twice to skip confirmation).
[C 2025-05-07 11:58:49.753 ServerApp] 
    
    To access the server, open this file in a browser:
        file:///home/morpheus/.local/share/jupyter/runtime/jpserver-7-open.html
    Or copy and paste one of these URLs:
        http://25c495e7ea40:8888/lab?token=5c9a633c06650dacf72c2cebe5aab3356392799f87377112
        http://127.0.0.1:8888/lab?token=5c9a633c06650dacf72c2cebe5aab3356392799f87377112
[I 2025-05-07 11:58:50.125 ServerApp] Skipped non-installed server(s): bash-language-server, dockerfile-language-server-nodejs, javascript-typescript-langserver, jedi-language-server, julia-language-server, pyright, python-language-server, python-lsp-server, r-languageserver, sql-language-server, texlab, typescript-language-server, unified-language-server, vscode-css-languageserver-bin, vscode-html-languageserver-bin, vscode-json-languageserver-bin, yaml-language-server
[W 2025-05-07 11:59:03.571 ServerApp] Clearing invalid/expired login cookie username-localhost-8890
[I 2025-05-07 11:59:03.572 LabApp] 302 GET /lab/workspaces/auto-E (@172.17.0.1) 1.36ms
[I 2025-05-07 11:59:11.473 ServerApp] User bfaf7f06c3424a709d13f829ae1d4b97 logged in.
[I 2025-05-07 11:59:11.474 ServerApp] 302 POST /login?next=%2Flab%2Fworkspaces%2Fauto-E (bfaf7f06c3424a709d13f829ae1d4b97@172.17.0.1) 1.36ms
[I 2025-05-07 11:59:12.559 LabApp] `sys_prefix` level settings are read-only, using `user` level for migration to `lockedExtensions`
[I 2025-05-07 11:59:12.564 LabApp] Build is up to date
[I 2025-05-07 11:59:16.150 ServerApp] New terminal with automatic name: 1
[W 2025-05-07 12:00:23.032 ServerApp] delete /workspace/untitled.txt
[W 2025-05-07 12:00:26.012 ServerApp] delete /workspace/untitled1.txt
[W 2025-05-07 12:00:26.014 ServerApp] 403 DELETE /api/contents/workspace/untitled1.txt?1746619226464 (172.17.0.1): Permission denied: workspace/.ipynb_checkpoints/untitled1-checkpoint.txt
[W 2025-05-07 12:00:26.014 ServerApp] wrote error: 'Permission denied: workspace/.ipynb_checkpoints/untitled1-checkpoint.txt'
    Traceback (most recent call last):
      File "/usr/local/lib/python3.13/dist-packages/jupyter_server/services/contents/fileio.py", line 230, in perm_to_403
        yield
      File "/usr/local/lib/python3.13/dist-packages/jupyter_server/services/contents/filecheckpoints.py", line 182, in delete_checkpoint
        await run_sync(os.unlink, cp_path)
      File "/usr/local/lib/python3.13/dist-packages/anyio/to_thread.py", line 56, in run_sync
        return await get_async_backend().run_sync_in_worker_thread(
               ^^^^^^^^^^^^^^^^^^^^^^^^^^^^^^^^^^^^^^^^^^^^^^^^^^^^
            func, args, abandon_on_cancel=abandon_on_cancel, limiter=limiter
            ^^^^^^^^^^^^^^^^^^^^^^^^^^^^^^^^^^^^^^^^^^^^^^^^^^^^^^^^^^^^^^^^
        )
        ^
      File "/usr/local/lib/python3.13/dist-packages/anyio/_backends/_asyncio.py", line 2470, in run_sync_in_worker_thread
        return await future
               ^^^^^^^^^^^^
      File "/usr/local/lib/python3.13/dist-packages/anyio/_backends/_asyncio.py", line 967, in run
        result = context.run(func, *args)
    PermissionError: [Errno 13] Permission denied: '/home/morpheus/workspace/.ipynb_checkpoints/untitled1-checkpoint.txt'
    
    The above exception was the direct cause of the following exception:
    
    Traceback (most recent call last):
      File "/usr/local/lib/python3.13/dist-packages/tornado/web.py", line 1790, in _execute
        result = await result
                 ^^^^^^^^^^^^
      File "/usr/local/lib/python3.13/dist-packages/jupyter_server/auth/decorator.py", line 73, in inner
        return await out
               ^^^^^^^^^
      File "/usr/local/lib/python3.13/dist-packages/jupyter_server/services/contents/handlers.py", line 336, in delete
        await ensure_async(cm.delete(path))
      File "/usr/local/lib/python3.13/dist-packages/jupyter_core/utils/__init__.py", line 198, in ensure_async
        result = await obj
                 ^^^^^^^^^
      File "/usr/local/lib/python3.13/dist-packages/jupyter_server/services/contents/manager.py", line 901, in delete
        await self.checkpoints.delete_all_checkpoints(path)
      File "/usr/local/lib/python3.13/dist-packages/jupyter_server/services/contents/checkpoints.py", line 179, in delete_all_checkpoints
        await self.delete_checkpoint(checkpoint["id"], path)
      File "/usr/local/lib/python3.13/dist-packages/jupyter_server/services/contents/filecheckpoints.py", line 181, in delete_checkpoint
        with self.perm_to_403():
             ~~~~~~~~~~~~~~~~^^
      File "/usr/lib/python3.13/contextlib.py", line 162, in __exit__
        self.gen.throw(value)
        ~~~~~~~~~~~~~~^^^^^^^
      File "/usr/local/lib/python3.13/dist-packages/jupyter_server/services/contents/fileio.py", line 239, in perm_to_403
        raise HTTPError(403, "Permission denied: %s" % path) from e
    tornado.web.HTTPError: HTTP 403: Forbidden (Permission denied: workspace/.ipynb_checkpoints/untitled1-checkpoint.txt)
[W 2025-05-07 12:00:26.019 ServerApp] 403 DELETE /api/contents/workspace/untitled1.txt?1746619226464 (bfaf7f06c3424a709d13f829ae1d4b97@172.17.0.1) 7.02ms referer=http://localhost:8890/lab/workspaces/auto-E
[I 2025-05-07 12:00:42.765 LabApp] `sys_prefix` level settings are read-only, using `user` level for migration to `lockedExtensions`
[I 2025-05-07 12:00:42.769 LabApp] Build is up to date
[W 2025-05-07 12:01:39.036 ServerApp] delete /workspace/Dockerfile-Copy1
[I 2025-05-07 12:08:35.548 ServerApp] Writing notebook-signing key to /home/morpheus/.local/share/jupyter/notebook_secret
[W 2025-05-07 12:08:35.548 ServerApp] Notebook workspace/dev/dev_025.ipynb is not trusted
[I 2025-05-07 12:08:35.733 ServerApp] Kernel started: f0fba118-5aee-47f9-9f4a-aa644acddd6b
[I 2025-05-07 12:08:36.839 ServerApp] Connecting to kernel f0fba118-5aee-47f9-9f4a-aa644acddd6b.
[I 2025-05-07 12:08:36.840 ServerApp] Connecting to kernel f0fba118-5aee-47f9-9f4a-aa644acddd6b.
[I 2025-05-07 12:08:36.874 ServerApp] Connecting to kernel f0fba118-5aee-47f9-9f4a-aa644acddd6b.
[I 2025-05-07 12:08:40.155 ServerApp] Kernel restarted: f0fba118-5aee-47f9-9f4a-aa644acddd6b
[I 2025-05-07 12:08:40.164 ServerApp] Starting buffering for f0fba118-5aee-47f9-9f4a-aa644acddd6b:4c173ca6-ad3d-44ee-8666-7896692ee640
[I 2025-05-07 12:08:40.228 ServerApp] Connecting to kernel f0fba118-5aee-47f9-9f4a-aa644acddd6b.
[I 2025-05-07 12:08:40.228 ServerApp] Restoring connection for f0fba118-5aee-47f9-9f4a-aa644acddd6b:4c173ca6-ad3d-44ee-8666-7896692ee640
[I 2025-05-07 12:08:51.700 ServerApp] Saving file at /workspace/dev/dev_025.ipynb
[I 2025-05-07 12:11:00.560 ServerApp] Starting buffering for f0fba118-5aee-47f9-9f4a-aa644acddd6b:4c173ca6-ad3d-44ee-8666-7896692ee640
[I 2025-05-07 23:49:19.409 ServerApp] Connecting to kernel f0fba118-5aee-47f9-9f4a-aa644acddd6b.
[I 2025-05-07 23:49:19.546 ServerApp] Starting buffering for f0fba118-5aee-47f9-9f4a-aa644acddd6b:904f7d62-0ec2-4495-8823-8b74243f29a4
[I 2025-05-07 23:49:19.973 LabApp] `sys_prefix` level settings are read-only, using `user` level for migration to `lockedExtensions`
[I 2025-05-07 23:49:20.280 LabApp] Build is up to date
[I 2025-05-07 23:49:20.392 ServerApp] Connecting to kernel f0fba118-5aee-47f9-9f4a-aa644acddd6b.
[W 2025-05-08 00:10:45.601 ServerApp] Notebook workspace/book/content/chapter_04_isoviscous/background/simple.ipynb is not trusted
[W 2025-05-08 00:10:45.846 ServerApp] 404 GET /files/workspace/book/content/chapter_04_isoviscous/content/chapter_04_isoviscous/background/critical_ra_aspect_law.png?_xsrf=[secret] (bfaf7f06c3424a709d13f829ae1d4b97@172.17.0.1) 9.59ms referer=http://localhost:8890/lab/workspaces/auto-E/tree/workspace/book/content/chapter_04_isoviscous/background/simple.ipynb
[I 2025-05-08 00:10:45.917 ServerApp] Kernel started: 2a293ed3-3569-4c96-ba68-98596f6bcafe
[W 2025-05-08 00:10:45.932 ServerApp] 404 GET /files/workspace/book/content/chapter_04_isoviscous/content/chapter_04_isoviscous/background/critical_ra_aspect_law.png?_xsrf=[secret] (bfaf7f06c3424a709d13f829ae1d4b97@172.17.0.1) 1.25ms referer=http://localhost:8890/lab/workspaces/auto-E/tree/workspace/book/content/chapter_04_isoviscous/background/simple.ipynb
[W 2025-05-08 00:10:46.001 ServerApp] 404 GET /files/workspace/book/content/chapter_04_isoviscous/content/chapter_04_isoviscous/background/critical_ra_aspect_law.png?_xsrf=[secret] (bfaf7f06c3424a709d13f829ae1d4b97@172.17.0.1) 1.41ms referer=http://localhost:8890/lab/workspaces/auto-E/tree/workspace/book/content/chapter_04_isoviscous/background/simple.ipynb
[I 2025-05-08 00:10:46.471 ServerApp] Connecting to kernel 2a293ed3-3569-4c96-ba68-98596f6bcafe.
[W 2025-05-08 00:10:55.291 ServerApp] 404 GET /files/workspace/book/content/chapter_04_isoviscous/content/chapter_04_isoviscous/background/critical_ra_aspect_law.png?_xsrf=[secret] (bfaf7f06c3424a709d13f829ae1d4b97@172.17.0.1) 1.21ms referer=http://localhost:8890/lab/workspaces/auto-E/tree/workspace/book/content/chapter_04_isoviscous/background/simple.ipynb
[W 2025-05-08 00:10:56.832 ServerApp] 404 GET /files/workspace/book/content/chapter_04_isoviscous/content/chapter_04_isoviscous/background/critical_ra_aspect_law.png?_xsrf=[secret] (bfaf7f06c3424a709d13f829ae1d4b97@172.17.0.1) 1.17ms referer=http://localhost:8890/lab/workspaces/auto-E/tree/workspace/book/content/chapter_04_isoviscous/background/simple.ipynb
[W 2025-05-08 00:10:59.839 ServerApp] 404 GET /files/workspace/book/content/chapter_04_isoviscous/content/chapter_04_isoviscous/background/critical_ra_aspect_law.png?_xsrf=[secret] (bfaf7f06c3424a709d13f829ae1d4b97@172.17.0.1) 1.14ms referer=http://localhost:8890/lab/workspaces/auto-E/tree/workspace/book/content/chapter_04_isoviscous/background/simple.ipynb
[I 2025-05-08 00:11:00.658 ServerApp] Saving file at /workspace/book/content/chapter_04_isoviscous/background/simple.ipynb
[I 2025-05-08 00:11:01.937 ServerApp] Saving file at /workspace/book/content/chapter_04_isoviscous/background/simple.ipynb
[W 2025-05-08 00:11:03.049 ServerApp] 404 GET /files/workspace/book/content/chapter_04_isoviscous/content/chapter_04_isoviscous/background/critical_ra_aspect_law.png?_xsrf=[secret] (bfaf7f06c3424a709d13f829ae1d4b97@172.17.0.1) 1.21ms referer=http://localhost:8890/lab/workspaces/auto-E/tree/workspace/book/content/chapter_04_isoviscous/background/simple.ipynb
[I 2025-05-08 00:13:01.399 ServerApp] Saving file at /workspace/book/content/chapter_04_isoviscous/background/simple.ipynb
[I 2025-05-08 00:13:24.051 ServerApp] Saving file at /workspace/resources/everest/everest/h5anchor/reader.py
[I 2025-05-08 00:13:29.458 ServerApp] Saving file at /workspace/book/content/chapter_04_isoviscous/background/simple.ipynb
[I 2025-05-08 00:13:33.069 ServerApp] Kernel restarted: 2a293ed3-3569-4c96-ba68-98596f6bcafe
[I 2025-05-08 00:13:33.077 ServerApp] Starting buffering for 2a293ed3-3569-4c96-ba68-98596f6bcafe:b6a123de-7275-417d-97af-1ab8b606cf39
[I 2025-05-08 00:13:33.162 ServerApp] Connecting to kernel 2a293ed3-3569-4c96-ba68-98596f6bcafe.
[I 2025-05-08 00:13:33.162 ServerApp] Restoring connection for 2a293ed3-3569-4c96-ba68-98596f6bcafe:b6a123de-7275-417d-97af-1ab8b606cf39
[I 2025-05-08 00:15:02.510 ServerApp] Saving file at /workspace/book/content/chapter_04_isoviscous/background/simple.ipynb
[I 2025-05-08 00:19:03.004 ServerApp] Saving file at /workspace/book/content/chapter_04_isoviscous/background/simple.ipynb
[I 2025-05-08 00:21:04.227 ServerApp] Saving file at /workspace/book/content/chapter_04_isoviscous/background/simple.ipynb
[I 2025-05-08 00:23:04.980 ServerApp] Saving file at /workspace/book/content/chapter_04_isoviscous/background/simple.ipynb
[I 2025-05-08 00:25:06.194 ServerApp] Saving file at /workspace/book/content/chapter_04_isoviscous/background/simple.ipynb
[I 2025-05-08 00:39:04.982 ServerApp] Starting buffering for 2a293ed3-3569-4c96-ba68-98596f6bcafe:b6a123de-7275-417d-97af-1ab8b606cf39
[I 2025-05-08 00:39:05.001 ServerApp] Starting buffering for f0fba118-5aee-47f9-9f4a-aa644acddd6b:c6a58879-b82b-442d-a8e5-b193b406ab34
[I 2025-05-08 00:50:10.824 ServerApp] Connecting to kernel 2a293ed3-3569-4c96-ba68-98596f6bcafe.
[I 2025-05-08 00:50:10.824 ServerApp] Restoring connection for 2a293ed3-3569-4c96-ba68-98596f6bcafe:b6a123de-7275-417d-97af-1ab8b606cf39
[I 2025-05-08 00:50:10.848 ServerApp] Connecting to kernel f0fba118-5aee-47f9-9f4a-aa644acddd6b.
[I 2025-05-08 00:50:10.848 ServerApp] Restoring connection for f0fba118-5aee-47f9-9f4a-aa644acddd6b:c6a58879-b82b-442d-a8e5-b193b406ab34
[I 2025-05-08 00:52:37.418 ServerApp] Saving file at /workspace/book/content/chapter_04_isoviscous/background/simple.ipynb
[I 2025-05-08 00:54:38.204 ServerApp] Saving file at /workspace/book/content/chapter_04_isoviscous/background/simple.ipynb
[I 2025-05-08 00:58:38.551 ServerApp] Saving file at /workspace/book/content/chapter_04_isoviscous/background/simple.ipynb
[I 2025-05-08 00:59:36.319 ServerApp] Saving file at /workspace/resources/everest/everest/window/canvas.py
[I 2025-05-08 00:59:56.827 ServerApp] Saving file at /workspace/resources/everest/everest/window/canvas.py
[I 2025-05-08 01:00:05.231 ServerApp] Saving file at /workspace/resources/everest/everest/window/canvas.py
[I 2025-05-08 01:00:06.685 ServerApp] Saving file at /workspace/resources/everest/everest/window/canvas.py
[I 2025-05-08 01:00:09.453 ServerApp] Saving file at /workspace/resources/everest/everest/window/canvas.py
[I 2025-05-08 01:00:16.033 ServerApp] Kernel restarted: 2a293ed3-3569-4c96-ba68-98596f6bcafe
[I 2025-05-08 01:00:16.043 ServerApp] Starting buffering for 2a293ed3-3569-4c96-ba68-98596f6bcafe:b6a123de-7275-417d-97af-1ab8b606cf39
[I 2025-05-08 01:00:16.108 ServerApp] Connecting to kernel 2a293ed3-3569-4c96-ba68-98596f6bcafe.
[I 2025-05-08 01:00:16.109 ServerApp] Restoring connection for 2a293ed3-3569-4c96-ba68-98596f6bcafe:b6a123de-7275-417d-97af-1ab8b606cf39
[I 2025-05-08 01:00:34.237 ServerApp] Saving file at /workspace/resources/everest/everest/window/canvas.py
[I 2025-05-08 01:00:37.820 ServerApp] Saving file at /workspace/resources/everest/everest/window/canvas.py
[I 2025-05-08 01:00:38.649 ServerApp] Saving file at /workspace/book/content/chapter_04_isoviscous/background/simple.ipynb
[I 2025-05-08 01:00:39.854 ServerApp] Saving file at /workspace/resources/everest/everest/window/canvas.py
[I 2025-05-08 01:00:47.475 ServerApp] Kernel restarted: 2a293ed3-3569-4c96-ba68-98596f6bcafe
[I 2025-05-08 01:00:47.482 ServerApp] Starting buffering for 2a293ed3-3569-4c96-ba68-98596f6bcafe:b6a123de-7275-417d-97af-1ab8b606cf39
[I 2025-05-08 01:00:47.548 ServerApp] Connecting to kernel 2a293ed3-3569-4c96-ba68-98596f6bcafe.
[I 2025-05-08 01:00:47.549 ServerApp] Restoring connection for 2a293ed3-3569-4c96-ba68-98596f6bcafe:b6a123de-7275-417d-97af-1ab8b606cf39
[W 2025-05-08 01:00:56.178 ServerApp] 404 GET /files/workspace/book/content/chapter_04_isoviscous/content/chapter_04_isoviscous/background/critical_ra_aspect_law.png?_xsrf=[secret] (bfaf7f06c3424a709d13f829ae1d4b97@172.17.0.1) 1.60ms referer=http://localhost:8890/lab/workspaces/auto-E/tree/workspace/book/content/chapter_04_isoviscous/background/simple.ipynb
[I 2025-05-08 01:02:39.768 ServerApp] Saving file at /workspace/book/content/chapter_04_isoviscous/background/simple.ipynb
[I 2025-05-08 01:06:48.791 LabApp] `sys_prefix` level settings are read-only, using `user` level for migration to `lockedExtensions`
[I 2025-05-08 01:06:48.795 LabApp] `sys_prefix` level settings are read-only, using `user` level for migration to `lockedExtensions`
[I 2025-05-08 01:06:48.800 LabApp] `sys_prefix` level settings are read-only, using `user` level for migration to `lockedExtensions`
[I 2025-05-08 01:08:41.762 ServerApp] Saving file at /workspace/book/content/chapter_04_isoviscous/background/simple.ipynb
[I 2025-05-08 01:21:31.774 ServerApp] Saving file at /workspace/book/content/chapter_04_isoviscous/background/simple.ipynb
[W 2025-05-08 01:21:51.923 ServerApp] 404 GET /home/ubuntu/workspace/book/content/chapter_04_isoviscous/background/critical_ra_aspect_law.png (bfaf7f06c3424a709d13f829ae1d4b97@172.17.0.1) 1.93ms referer=http://localhost:8890/lab/workspaces/auto-E/tree/workspace/book/content/chapter_04_isoviscous/background/simple.ipynb
[I 2025-05-08 01:22:07.368 ServerApp] New terminal with automatic name: 2
[I 2025-05-08 01:23:32.186 ServerApp] Saving file at /workspace/book/content/chapter_04_isoviscous/background/simple.ipynb
[I 2025-05-08 01:25:33.755 ServerApp] Saving file at /workspace/book/content/chapter_04_isoviscous/background/simple.ipynb
[I 2025-05-08 01:32:36.634 ServerApp] Saving file at /workspace/push.sh
